0 info it worked if it ends with ok
1 verbose cli [ '/usr/local/bin/node',
1 verbose cli   '/usr/local/bin/npm',
1 verbose cli   'run',
1 verbose cli   'dev:wechat' ]
2 info using npm@3.10.10
3 info using node@v6.10.2
4 verbose run-script [ 'predev:wechat', 'dev:wechat', 'postdev:wechat' ]
5 info lifecycle megalo-demo_test@1.0.0~predev:wechat: megalo-demo_test@1.0.0
6 silly lifecycle megalo-demo_test@1.0.0~predev:wechat: no script for predev:wechat, continuing
7 info lifecycle megalo-demo_test@1.0.0~dev:wechat: megalo-demo_test@1.0.0
8 verbose lifecycle megalo-demo_test@1.0.0~dev:wechat: unsafe-perm in lifecycle true
9 verbose lifecycle megalo-demo_test@1.0.0~dev:wechat: PATH: /usr/local/lib/node_modules/npm/bin/node-gyp-bin:/Users/xueli/Desktop/megalo-demo_test/node_modules/.bin:/usr/local/bin:/usr/bin:/bin:/usr/sbin:/sbin
10 verbose lifecycle megalo-demo_test@1.0.0~dev:wechat: CWD: /Users/xueli/Desktop/megalo-demo_test
11 silly lifecycle megalo-demo_test@1.0.0~dev:wechat: Args: [ '-c', 'megalo-cli-service serve' ]
12 silly lifecycle megalo-demo_test@1.0.0~dev:wechat: Returned: code: 1  signal: null
13 info lifecycle megalo-demo_test@1.0.0~dev:wechat: Failed to exec dev:wechat script
14 verbose stack Error: megalo-demo_test@1.0.0 dev:wechat: `megalo-cli-service serve`
14 verbose stack Exit status 1
14 verbose stack     at EventEmitter.<anonymous> (/usr/local/lib/node_modules/npm/lib/utils/lifecycle.js:255:16)
14 verbose stack     at emitTwo (events.js:106:13)
14 verbose stack     at EventEmitter.emit (events.js:191:7)
14 verbose stack     at ChildProcess.<anonymous> (/usr/local/lib/node_modules/npm/lib/utils/spawn.js:40:14)
14 verbose stack     at emitTwo (events.js:106:13)
14 verbose stack     at ChildProcess.emit (events.js:191:7)
14 verbose stack     at maybeClose (internal/child_process.js:886:16)
14 verbose stack     at Process.ChildProcess._handle.onexit (internal/child_process.js:226:5)
15 verbose pkgid megalo-demo_test@1.0.0
16 verbose cwd /Users/xueli/Desktop/megalo-demo_test
17 error Darwin 16.4.0
18 error argv "/usr/local/bin/node" "/usr/local/bin/npm" "run" "dev:wechat"
19 error node v6.10.2
20 error npm  v3.10.10
21 error code ELIFECYCLE
22 error megalo-demo_test@1.0.0 dev:wechat: `megalo-cli-service serve`
22 error Exit status 1
23 error Failed at the megalo-demo_test@1.0.0 dev:wechat script 'megalo-cli-service serve'.
23 error Make sure you have the latest version of node.js and npm installed.
23 error If you do, this is most likely a problem with the megalo-demo_test package,
23 error not with npm itself.
23 error Tell the author that this fails on your system:
23 error     megalo-cli-service serve
23 error You can get information on how to open an issue for this project with:
23 error     npm bugs megalo-demo_test
23 error Or if that isn't available, you can get their info via:
23 error     npm owner ls megalo-demo_test
23 error There is likely additional logging output above.
24 verbose exit [ 1, true ]
